#
# There is insufficient memory for the Java Runtime Environment to continue.
# Native memory allocation (mmap) failed to map 264241152 bytes for G1 virtual space
# Possible reasons:
#   The system is out of physical RAM or swap space
#   The process is running with CompressedOops enabled, and the Java Heap may be blocking the growth of the native heap
# Possible solutions:
#   Reduce memory load on the system
#   Increase physical memory or swap space
#   Check if swap backing store is full
#   Decrease Java heap size (-Xmx/-Xms)
#   Decrease number of Java threads
#   Decrease Java thread stack sizes (-Xss)
#   Set larger code cache with -XX:ReservedCodeCacheSize=
#   JVM is running with Zero Based Compressed Oops mode in which the Java heap is
#     placed in the first 32GB address space. The Java Heap base address is the
#     maximum limit for the native heap growth. Please use -XX:HeapBaseMinAddress
#     to set the Java Heap base and to place the Java Heap above 32GB virtual address.
# This output file may be truncated or incomplete.
#
#  Out of Memory Error (os_windows.cpp:3825), pid=3512, tid=23752
#
# JRE version:  (17.0.10+7) (build )
# Java VM: OpenJDK 64-Bit Server VM (17.0.10+7-b1000.50, mixed mode, sharing, tiered, compressed oops, compressed class ptrs, g1 gc, windows-amd64)
# No core dump will be written. Minidumps are not enabled by default on client versions of Windows
#

---------------  S U M M A R Y ------------

Command Line: git4idea.http.GitAskPassApp Username for 'https://e.coding.net': 

Host: 12th Gen Intel(R) Core(TM) i7-12700H, 20 cores, 15G,  Windows 11 , 64 bit Build 22621 (10.0.22621.3672)
Time: Sun Jul 14 11:13:52 2024  Windows 11 , 64 bit Build 22621 (10.0.22621.3672) elapsed time: 0.006926 seconds (0d 0h 0m 0s)

---------------  T H R E A D  ---------------

Current thread (0x0000021b96dccce0):  JavaThread "Unknown thread" [_thread_in_vm, id=23752, stack(0x000000ea48700000,0x000000ea48800000)]

Stack: [0x000000ea48700000,0x000000ea48800000]
Native frames: (J=compiled Java code, j=interpreted, Vv=VM code, C=native code)
V  [jvm.dll+0x688a29]
V  [jvm.dll+0x84216a]
V  [jvm.dll+0x843dae]
V  [jvm.dll+0x844413]
V  [jvm.dll+0x24ba8f]
V  [jvm.dll+0x6857f9]
V  [jvm.dll+0x67a0aa]
V  [jvm.dll+0x30c7eb]
V  [jvm.dll+0x313c96]
V  [jvm.dll+0x363a2e]
V  [jvm.dll+0x363c5f]
V  [jvm.dll+0x2e25b8]
V  [jvm.dll+0x2e3524]
V  [jvm.dll+0x812cd1]
V  [jvm.dll+0x3718e1]
V  [jvm.dll+0x7f1836]
V  [jvm.dll+0x3f553f]
V  [jvm.dll+0x3f7171]
C  [jli.dll+0x528f]
C  [ucrtbase.dll+0x29333]
C  [KERNEL32.DLL+0x1257d]
C  [ntdll.dll+0x5af28]


---------------  P R O C E S S  ---------------

Threads class SMR info:
_java_thread_list=0x00007ff88837ef58, length=0, elements={
}

Java Threads: ( => current thread )

Other Threads:
  0x0000021b96e38600 GCTaskThread "GC Thread#0" [stack: 0x000000ea48800000,0x000000ea48900000] [id=22760]
  0x0000021b96e48e70 ConcurrentGCThread "G1 Main Marker" [stack: 0x000000ea48900000,0x000000ea48a00000] [id=7752]
  0x0000021b96e49f40 ConcurrentGCThread "G1 Conc#0" [stack: 0x000000ea48a00000,0x000000ea48b00000] [id=21296]

[error occurred during error reporting (printing all threads), id 0xc0000005, EXCEPTION_ACCESS_VIOLATION (0xc0000005) at pc=0x00007ff887b33187]

VM state: not at safepoint (not fully initialized)

VM Mutex/Monitor currently owned by a thread:  ([mutex/lock_event])
[0x0000021b96dc7180] Heap_lock - owner thread: 0x0000021b96dccce0

Heap address: 0x0000000705e00000, size: 4002 MB, Compressed Oops mode: Zero based, Oop shift amount: 3

CDS archive(s) mapped at: [0x0000000000000000-0x0000000000000000-0x0000000000000000), size 0, SharedBaseAddress: 0x0000000800000000, ArchiveRelocationMode: 1.
Narrow klass base: 0x0000000000000000, Narrow klass shift: 0, Narrow klass range: 0x0

GC Precious Log:
<Empty>

Heap:
 garbage-first heap   total 0K, used 0K [0x0000000705e00000, 0x0000000800000000)
  region size 2048K, 0 young (0K), 0 survivors (0K)
 Metaspace       used 0K, committed 0K, reserved 0K
  class space    used 0K, committed 0K, reserved 0K

Heap Regions: E=young(eden), S=young(survivor), O=old, HS=humongous(starts), HC=humongous(continues), CS=collection set, F=free, OA=open archive, CA=closed archive, TAMS=top-at-mark-start (previous, next)

Card table byte_map: [0x0000021baa7b0000,0x0000021baaf90000] _byte_map_base: 0x0000021ba6f81000

Marking Bits (Prev, Next): (CMBitMap*) 0x0000021b96e38b30, (CMBitMap*) 0x0000021b96e38b70
 Prev Bits: [0x0000021bab770000, 0x0000021baf5f8000)
 Next Bits: [0x0000021baf600000, 0x0000021bb3488000)

GC Heap History (0 events):
No events

Dll operation events (1 events):
Event: 0.004 Loaded shared library D:\java\IDEA\IntelliJ IDEA 2023.2.1\jbr\bin\java.dll

Deoptimization events (0 events):
No events

Classes unloaded (0 events):
No events

Classes redefined (0 events):
No events

Internal exceptions (0 events):
No events

VM Operations (0 events):
No events

Events (0 events):
No events


Dynamic libraries:
0x00007ff7d73e0000 - 0x00007ff7d73ea000 	D:\java\IDEA\IntelliJ IDEA 2023.2.1\jbr\bin\java.exe
0x00007ff9040b0000 - 0x00007ff9042c7000 	C:\WINDOWS\SYSTEM32\ntdll.dll
0x00007ff903060000 - 0x00007ff903124000 	C:\WINDOWS\System32\KERNEL32.DLL
0x00007ff901640000 - 0x00007ff9019ec000 	C:\WINDOWS\System32\KERNELBASE.dll
0x00007ff8fba20000 - 0x00007ff8fbab7000 	C:\WINDOWS\SYSTEM32\apphelp.dll
0x00007ff9014b0000 - 0x00007ff9015c1000 	C:\WINDOWS\System32\ucrtbase.dll
0x00007ff8f4a40000 - 0x00007ff8f4a57000 	D:\java\IDEA\IntelliJ IDEA 2023.2.1\jbr\bin\jli.dll
0x00007ff8ec320000 - 0x00007ff8ec33b000 	D:\java\IDEA\IntelliJ IDEA 2023.2.1\jbr\bin\VCRUNTIME140.dll
0x00007ff903280000 - 0x00007ff90342e000 	C:\WINDOWS\System32\USER32.dll
0x00007ff9013e0000 - 0x00007ff901406000 	C:\WINDOWS\System32\win32u.dll
0x00007ff8eee30000 - 0x00007ff8ef0c3000 	C:\WINDOWS\WinSxS\amd64_microsoft.windows.common-controls_6595b64144ccf1df_6.0.22621.3672_none_2713b9d173822955\COMCTL32.dll
0x00007ff902cb0000 - 0x00007ff902d57000 	C:\WINDOWS\System32\msvcrt.dll
0x00007ff902370000 - 0x00007ff902399000 	C:\WINDOWS\System32\GDI32.dll
0x00007ff9019f0000 - 0x00007ff901b09000 	C:\WINDOWS\System32\gdi32full.dll
0x00007ff901410000 - 0x00007ff9014aa000 	C:\WINDOWS\System32\msvcp_win.dll
0x00007ff901f50000 - 0x00007ff901f81000 	C:\WINDOWS\System32\IMM32.DLL
0x00007ff8f9c30000 - 0x00007ff8f9c3c000 	D:\java\IDEA\IntelliJ IDEA 2023.2.1\jbr\bin\vcruntime140_1.dll
0x00007ff8e1d50000 - 0x00007ff8e1ddd000 	D:\java\IDEA\IntelliJ IDEA 2023.2.1\jbr\bin\msvcp140.dll
0x00007ff887840000 - 0x00007ff8884c3000 	D:\java\IDEA\IntelliJ IDEA 2023.2.1\jbr\bin\server\jvm.dll
0x00007ff903130000 - 0x00007ff9031e2000 	C:\WINDOWS\System32\ADVAPI32.dll
0x00007ff9034b0000 - 0x00007ff90355a000 	C:\WINDOWS\System32\sechost.dll
0x00007ff901bd0000 - 0x00007ff901bf8000 	C:\WINDOWS\System32\bcrypt.dll
0x00007ff902df0000 - 0x00007ff902f05000 	C:\WINDOWS\System32\RPCRT4.dll
0x00007ff900c30000 - 0x00007ff900c7d000 	C:\WINDOWS\SYSTEM32\POWRPROF.dll
0x00007ff8fc480000 - 0x00007ff8fc489000 	C:\WINDOWS\SYSTEM32\WSOCK32.dll
0x00007ff8fb3b0000 - 0x00007ff8fb3e4000 	C:\WINDOWS\SYSTEM32\WINMM.dll
0x00007ff903430000 - 0x00007ff9034a1000 	C:\WINDOWS\System32\WS2_32.dll
0x00007ff8faea0000 - 0x00007ff8faeaa000 	C:\WINDOWS\SYSTEM32\VERSION.dll
0x00007ff900c10000 - 0x00007ff900c23000 	C:\WINDOWS\SYSTEM32\UMPDC.dll
0x00007ff900410000 - 0x00007ff900428000 	C:\WINDOWS\SYSTEM32\kernel.appcore.dll
0x00007ff8fc020000 - 0x00007ff8fc02a000 	D:\java\IDEA\IntelliJ IDEA 2023.2.1\jbr\bin\jimage.dll
0x00007ff8fe990000 - 0x00007ff8febc2000 	C:\WINDOWS\SYSTEM32\DBGHELP.DLL
0x00007ff903760000 - 0x00007ff903ae8000 	C:\WINDOWS\System32\combase.dll
0x00007ff902f20000 - 0x00007ff902ff7000 	C:\WINDOWS\System32\OLEAUT32.dll
0x00007ff8f7ab0000 - 0x00007ff8f7ae2000 	C:\WINDOWS\SYSTEM32\dbgcore.DLL
0x00007ff901d70000 - 0x00007ff901deb000 	C:\WINDOWS\System32\bcryptPrimitives.dll
0x00007ff8fbfe0000 - 0x00007ff8fc005000 	D:\java\IDEA\IntelliJ IDEA 2023.2.1\jbr\bin\java.dll

dbghelp: loaded successfully - version: 4.0.5 - missing functions: none
symbol engine: initialized successfully - sym options: 0x614 - pdb path: .;D:\java\IDEA\IntelliJ IDEA 2023.2.1\jbr\bin;C:\WINDOWS\SYSTEM32;C:\WINDOWS\WinSxS\amd64_microsoft.windows.common-controls_6595b64144ccf1df_6.0.22621.3672_none_2713b9d173822955;D:\java\IDEA\IntelliJ IDEA 2023.2.1\jbr\bin\server

VM Arguments:
java_command: git4idea.http.GitAskPassApp Username for 'https://e.coding.net': 
java_class_path (initial): D:/java/IDEA/IntelliJ IDEA 2023.2.1/plugins/vcs-git/lib/git4idea-rt.jar;D:/java/IDEA/IntelliJ IDEA 2023.2.1/lib/externalProcess-rt.jar
Launcher Type: SUN_STANDARD

[Global flags]
     intx CICompilerCount                          = 12                                        {product} {ergonomic}
     uint ConcGCThreads                            = 4                                         {product} {ergonomic}
     uint G1ConcRefinementThreads                  = 15                                        {product} {ergonomic}
   size_t G1HeapRegionSize                         = 2097152                                   {product} {ergonomic}
    uintx GCDrainStackTargetSize                   = 64                                        {product} {ergonomic}
   size_t InitialHeapSize                          = 264241152                                 {product} {ergonomic}
   size_t MarkStackSize                            = 4194304                                   {product} {ergonomic}
   size_t MaxHeapSize                              = 4196401152                                {product} {ergonomic}
   size_t MinHeapDeltaBytes                        = 2097152                                   {product} {ergonomic}
   size_t MinHeapSize                              = 8388608                                   {product} {ergonomic}
    uintx NonNMethodCodeHeapSize                   = 7602480                                {pd product} {ergonomic}
    uintx NonProfiledCodeHeapSize                  = 122027880                              {pd product} {ergonomic}
    uintx ProfiledCodeHeapSize                     = 122027880                              {pd product} {ergonomic}
    uintx ReservedCodeCacheSize                    = 251658240                              {pd product} {ergonomic}
     bool SegmentedCodeCache                       = true                                      {product} {ergonomic}
   size_t SoftMaxHeapSize                          = 4196401152                             {manageable} {ergonomic}
     bool UseCompressedClassPointers               = true                           {product lp64_product} {ergonomic}
     bool UseCompressedOops                        = true                           {product lp64_product} {ergonomic}
     bool UseG1GC                                  = true                                      {product} {ergonomic}
     bool UseLargePagesIndividualAllocation        = false                                  {pd product} {ergonomic}

Logging:
Log output configuration:
 #0: stdout all=warning uptime,level,tags
 #1: stderr all=off uptime,level,tags

Environment Variables:
JAVA_HOME=D:\javalanguage\Java1.8
CLASSPATH=.;D:\javalanguage\Java1.8\lib\dt.jar;D:\javalanguage\Java1.8\lib\tools.jar
PATH=C:\Program Files\Git\mingw64\libexec\git-core;C:\Program Files\Git\mingw64\libexec\git-core;C:\Program Files\Git\mingw64\bin;C:\Program Files\Git\usr\bin;C:\Users\ASUS\bin;C:\Program Files (x86)\Razer Chroma SDK\bin;C:\Program Files\Razer Chroma SDK\bin;C:\Program Files (x86)\Common Files\Oracle\Java\javapath;C:\WINDOWS\system32;C:\WINDOWS;C:\WINDOWS\System32\Wbem;C:\WINDOWS\System32\WindowsPowerShell\v1.0;C:\WINDOWS\System32\OpenSSH;C:\Program Files\dotnet;C:\Program Files\NVIDIA Corporation\NVIDIA NvDLISR;C:\Program Files (x86)\NVIDIA Corporation\PhysX\Common;D:\web\Tomcat\apache-tomcat-8.5.99-windows-x64\apache-tomcat-8.5.99i;D:\web\Tomcat\apache-tomcat-8.5.99-windows-x64\apache-tomcat-8.5.99lib";C:\WINDOWS\system32\config\systemprofile\AppData\Local\Microsoft\WindowsApps;C:\Program Files (x86)\Razer\ChromaBroadcast\bin;C:\Program Files\Razer\ChromaBroadcast\bin;C:\Users\ASUS\AppData\Local\Microsoft\WindowsApps;D:\python\py3.10.10;D:\Microsoft VS Code\bin;C:\Program Files (x86)\Microsoft SQL Server\160\Tools\Binn;C:\Program Files\Microsoft SQL Server\160\Tools\Binn;C:\Program Files\Microsoft SQL Server\Client SDK\ODBC\170\Tools\Binn;C:\Program Files\Microsoft SQL Server\160\DTS\Binn;C:\Program Files (x86)\Microsoft SQL Server\160\DTS\Binn;D:\javalanguage\Java1.8\bin;D:\javalanguage\Java1.8\jre\bin;D:\maven\apache-maven-3.6.0-bin\apache-maven-3.6.0\bin;C:\Program Files\Git\cmd
USERNAME=ASUS
DISPLAY=:0.0
LC_ALL=en_US.UTF-8
TERM=xterm-256color
TMPDIR=C:\Users\ASUS\AppData\Local\Temp
OS=Windows_NT
PROCESSOR_IDENTIFIER=Intel64 Family 6 Model 154 Stepping 3, GenuineIntel
TMP=C:\Users\ASUS\AppData\Local\Temp
TEMP=C:\Users\ASUS\AppData\Local\Temp



Periodic native trim disabled

JNI global refs:
JNI global refs: 0, weak refs: 0

JNI global refs memory usage: 0, weak refs: 0

OOME stack traces (most recent first):
Classloader memory used:


---------------  S Y S T E M  ---------------

OS:
 Windows 11 , 64 bit Build 22621 (10.0.22621.3672)
OS uptime: 0 days 19:37 hours

CPU: total 20 (initial active 20) (10 cores per cpu, 2 threads per core) family 6 model 154 stepping 3 microcode 0x429, cx8, cmov, fxsr, ht, mmx, 3dnowpref, sse, sse2, sse3, ssse3, sse4.1, sse4.2, popcnt, lzcnt, tsc, tscinvbit, avx, avx2, aes, erms, clmul, bmi1, bmi2, adx, sha, fma, vzeroupper, clflush, clflushopt, clwb
Processor Information for all 20 processors :
  Max Mhz: 2300, Current Mhz: 2300, Mhz Limit: 2300

Memory: 4k page, system-wide physical 16004M (4373M free)
TotalPageFile size 39362M (AvailPageFile size 50M)
current process WorkingSet (physical memory assigned to process): 12M, peak: 12M
current process commit charge ("private bytes"): 75M, peak: 327M

vm_info: OpenJDK 64-Bit Server VM (17.0.10+7-b1000.50) for windows-amd64 JRE (17.0.10+7-b1000.50), built on 2024-03-18 by "builduser" with MS VC++ 16.10 / 16.11 (VS2019)

END.
